\BOOKMARK [0][-]{chapter*.1}{Prefazione}{}% 1
\BOOKMARK [0][-]{chapter*.2}{Ringraziamenti}{}% 2
\BOOKMARK [0][-]{chapter.1}{Introduzione}{}% 3
\BOOKMARK [0][-]{chapter.2}{Fondamenti\040Teorici}{}% 4
\BOOKMARK [1][-]{section.2.1}{Natura\040del\040suono}{chapter.2}% 5
\BOOKMARK [2][-]{subsection.2.1.1}{Il\040suono}{section.2.1}% 6
\BOOKMARK [3][-]{section*.4}{Inviluppo}{subsection.2.1.1}% 7
\BOOKMARK [3][-]{section*.5}{Altezza}{subsection.2.1.1}% 8
\BOOKMARK [3][-]{section*.6}{Intensit\340}{subsection.2.1.1}% 9
\BOOKMARK [3][-]{section*.7}{Timbro}{subsection.2.1.1}% 10
\BOOKMARK [2][-]{subsection.2.1.2}{Segnali\040Periodici}{section.2.1}% 11
\BOOKMARK [2][-]{subsection.2.1.3}{Serie\040di\040Fourier}{section.2.1}% 12
\BOOKMARK [2][-]{subsection.2.1.4}{Trasformata\040di\040Fourier}{section.2.1}% 13
\BOOKMARK [3][-]{section*.8}{DFT}{subsection.2.1.4}% 14
\BOOKMARK [3][-]{section*.9}{STFT}{subsection.2.1.4}% 15
\BOOKMARK [0][-]{chapter.3}{Modello\040di\040Analisi}{}% 16
\BOOKMARK [1][-]{section.3.1}{Analisi\040della\040dinamica}{chapter.3}% 17
\BOOKMARK [1][-]{section.3.2}{Analisi\040armonica\040-\040Harmonic\040tracking}{chapter.3}% 18
\BOOKMARK [2][-]{subsection.3.2.1}{Interpolazione\040parabolica}{section.3.2}% 19
\BOOKMARK [2][-]{subsection.3.2.2}{Differenza\040di\040fase}{section.3.2}% 20
\BOOKMARK [2][-]{subsection.3.2.3}{Validazione\040dei\040modelli}{section.3.2}% 21
\BOOKMARK [3][-]{section*.10}{Chirp}{subsection.3.2.3}% 22
\BOOKMARK [3][-]{section*.11}{Riff\040di\040chitarra}{subsection.3.2.3}% 23
\BOOKMARK [1][-]{section.3.3}{Analisi\040timbrica\040-\040Rilevamento\040delle\040formanti}{chapter.3}% 24
\BOOKMARK [1][-]{section.3.4}{Analisi\040attacco\040delle\040note\040-\040Onset\040Detection}{chapter.3}% 25
\BOOKMARK [2][-]{subsection.3.4.1}{Validazione\040del\040modello}{section.3.4}% 26
\BOOKMARK [0][-]{chapter.4}{Test\040effettuati\040e\040relativi\040risultati}{}% 27
\BOOKMARK [0][-]{chapter.5}{Conclusioni\040e\040sviluppi\040futuri}{}% 28
\BOOKMARK [1][-]{section.5.1}{Conclusioni}{chapter.5}% 29
\BOOKMARK [1][-]{section.5.2}{Sviluppi\040futuri}{chapter.5}% 30
